  Animation.cpp
  AniTestScene.cpp
  Bullets.cpp
  Camera.cpp
  collision.cpp
  Enemy.cpp
  EnemyManager.cpp
  FirstScene.cpp
  Flame.cpp
e:\gitproject\practice0208\flame.cpp(18): warning C4311: '형식 캐스트': 'float *'에서 'int'(으)로 포인터가 잘립니다.
e:\gitproject\practice0208\flame.cpp(18): warning C4302: '형식 캐스트': 'float *'에서 'int'(으)로 잘립니다.
  FontManager.cpp
e:\gitproject\practice0208\fontmanager.cpp(30): error C2065: 'LfontName': 선언되지 않은 식별자입니다.
  GameNode.cpp
  Image.cpp
e:\gitproject\practice0208\image.cpp(67): warning C4302: '형식 캐스트': 'Image::LPIMAGE_INFO'에서 'WORD'(으)로 잘립니다.
e:\gitproject\practice0208\image.cpp(102): error C2664: 'HANDLE LoadImageW(HINSTANCE,LPCWSTR,UINT,int,int,UINT)': 인수 2을(를) 'const char *'에서 'LPCWSTR'(으)로 변환할 수 없습니다.
  e:\gitproject\practice0208\image.cpp(103): note: 가리킨 형식이 관련이 없습니다. 변환하려면 reinterpret_cast, C 스타일 캐스트 또는 함수 스타일 캐스트가 필요합니다.
e:\gitproject\practice0208\image.cpp(111): warning C4267: '초기화 중': 'size_t'에서 'int'(으)로 변환하면서 데이터가 손실될 수 있습니다.
e:\gitproject\practice0208\image.cpp(146): error C2664: 'HANDLE LoadImageW(HINSTANCE,LPCWSTR,UINT,int,int,UINT)': 인수 2을(를) 'const char *'에서 'LPCWSTR'(으)로 변환할 수 없습니다.
  e:\gitproject\practice0208\image.cpp(147): note: 가리킨 형식이 관련이 없습니다. 변환하려면 reinterpret_cast, C 스타일 캐스트 또는 함수 스타일 캐스트가 필요합니다.
e:\gitproject\practice0208\image.cpp(157): warning C4267: '초기화 중': 'size_t'에서 'int'(으)로 변환하면서 데이터가 손실될 수 있습니다.
e:\gitproject\practice0208\image.cpp(190): error C2664: 'HANDLE LoadImageW(HINSTANCE,LPCWSTR,UINT,int,int,UINT)': 인수 2을(를) 'const char *'에서 'LPCWSTR'(으)로 변환할 수 없습니다.
  e:\gitproject\practice0208\image.cpp(191): note: 가리킨 형식이 관련이 없습니다. 변환하려면 reinterpret_cast, C 스타일 캐스트 또는 함수 스타일 캐스트가 필요합니다.
e:\gitproject\practice0208\image.cpp(205): warning C4267: '초기화 중': 'size_t'에서 'int'(으)로 변환하면서 데이터가 손실될 수 있습니다.
e:\gitproject\practice0208\image.cpp(237): error C2664: 'HANDLE LoadImageW(HINSTANCE,LPCWSTR,UINT,int,int,UINT)': 인수 2을(를) 'const char *'에서 'LPCWSTR'(으)로 변환할 수 없습니다.
  e:\gitproject\practice0208\image.cpp(238): note: 가리킨 형식이 관련이 없습니다. 변환하려면 reinterpret_cast, C 스타일 캐스트 또는 함수 스타일 캐스트가 필요합니다.
e:\gitproject\practice0208\image.cpp(254): warning C4267: '초기화 중': 'size_t'에서 'int'(으)로 변환하면서 데이터가 손실될 수 있습니다.
  ImageClass.cpp
  ImageManager.cpp
  Inventory.cpp
  Item.cpp
  JsonDataScene.cpp
e:\gitproject\practice0208\jsondatascene.cpp(36): error C2664: 'BOOL TextOutW(HDC,int,int,LPCWSTR,int)': 인수 4을(를) 'char [256]'에서 'LPCWSTR'(으)로 변환할 수 없습니다.
  e:\gitproject\practice0208\jsondatascene.cpp(36): note: 가리킨 형식이 관련이 없습니다. 변환하려면 reinterpret_cast, C 스타일 캐스트 또는 함수 스타일 캐스트가 필요합니다.
e:\gitproject\practice0208\jsondatascene.cpp(39): error C2664: 'BOOL TextOutW(HDC,int,int,LPCWSTR,int)': 인수 4을(를) 'char [256]'에서 'LPCWSTR'(으)로 변환할 수 없습니다.
  e:\gitproject\practice0208\jsondatascene.cpp(39): note: 가리킨 형식이 관련이 없습니다. 변환하려면 reinterpret_cast, C 스타일 캐스트 또는 함수 스타일 캐스트가 필요합니다.
e:\gitproject\practice0208\jsondatascene.cpp(42): error C2664: 'BOOL TextOutW(HDC,int,int,LPCWSTR,int)': 인수 4을(를) 'char [256]'에서 'LPCWSTR'(으)로 변환할 수 없습니다.
  e:\gitproject\practice0208\jsondatascene.cpp(42): note: 가리킨 형식이 관련이 없습니다. 변환하려면 reinterpret_cast, C 스타일 캐스트 또는 함수 스타일 캐스트가 필요합니다.
e:\gitproject\practice0208\jsondatascene.cpp(45): error C2664: 'BOOL TextOutW(HDC,int,int,LPCWSTR,int)': 인수 4을(를) 'char [256]'에서 'LPCWSTR'(으)로 변환할 수 없습니다.
  e:\gitproject\practice0208\jsondatascene.cpp(45): note: 가리킨 형식이 관련이 없습니다. 변환하려면 reinterpret_cast, C 스타일 캐스트 또는 함수 스타일 캐스트가 필요합니다.
e:\gitproject\practice0208\jsondatascene.cpp(48): error C2664: 'BOOL TextOutW(HDC,int,int,LPCWSTR,int)': 인수 4을(를) 'char [256]'에서 'LPCWSTR'(으)로 변환할 수 없습니다.
  e:\gitproject\practice0208\jsondatascene.cpp(48): note: 가리킨 형식이 관련이 없습니다. 변환하려면 reinterpret_cast, C 스타일 캐스트 또는 함수 스타일 캐스트가 필요합니다.
e:\gitproject\practice0208\jsondatascene.cpp(51): error C2664: 'BOOL TextOutW(HDC,int,int,LPCWSTR,int)': 인수 4을(를) 'char [256]'에서 'LPCWSTR'(으)로 변환할 수 없습니다.
  e:\gitproject\practice0208\jsondatascene.cpp(51): note: 가리킨 형식이 관련이 없습니다. 변환하려면 reinterpret_cast, C 스타일 캐스트 또는 함수 스타일 캐스트가 필요합니다.
e:\gitproject\practice0208\jsondatascene.cpp(54): error C2664: 'BOOL TextOutW(HDC,int,int,LPCWSTR,int)': 인수 4을(를) 'char [256]'에서 'LPCWSTR'(으)로 변환할 수 없습니다.
  e:\gitproject\practice0208\jsondatascene.cpp(54): note: 가리킨 형식이 관련이 없습니다. 변환하려면 reinterpret_cast, C 스타일 캐스트 또는 함수 스타일 캐스트가 필요합니다.
e:\gitproject\practice0208\jsondatascene.cpp(57): error C2664: 'BOOL TextOutW(HDC,int,int,LPCWSTR,int)': 인수 4을(를) 'char [256]'에서 'LPCWSTR'(으)로 변환할 수 없습니다.
  e:\gitproject\practice0208\jsondatascene.cpp(57): note: 가리킨 형식이 관련이 없습니다. 변환하려면 reinterpret_cast, C 스타일 캐스트 또는 함수 스타일 캐스트가 필요합니다.
e:\gitproject\practice0208\jsondatascene.cpp(35): warning C4996: 'sprintf': This function or variable may be unsafe. Consider using sprintf_s instead. To disable deprecation, use _CRT_SECURE_NO_WARNINGS. See online help for details.
  c:\program files (x86)\windows kits\10\include\10.0.17763.0\ucrt\stdio.h(1774): note: 'sprintf' 선언을 참조하십시오.
e:\gitproject\practice0208\jsondatascene.cpp(38): warning C4996: 'sprintf': This function or variable may be unsafe. Consider using sprintf_s instead. To disable deprecation, use _CRT_SECURE_NO_WARNINGS. See online help for details.
  c:\program files (x86)\windows kits\10\include\10.0.17763.0\ucrt\stdio.h(1774): note: 'sprintf' 선언을 참조하십시오.
e:\gitproject\practice0208\jsondatascene.cpp(41): warning C4996: 'sprintf': This function or variable may be unsafe. Consider using sprintf_s instead. To disable deprecation, use _CRT_SECURE_NO_WARNINGS. See online help for details.
  c:\program files (x86)\windows kits\10\include\10.0.17763.0\ucrt\stdio.h(1774): note: 'sprintf' 선언을 참조하십시오.
e:\gitproject\practice0208\jsondatascene.cpp(44): warning C4996: 'sprintf': This function or variable may be unsafe. Consider using sprintf_s instead. To disable deprecation, use _CRT_SECURE_NO_WARNINGS. See online help for details.
  c:\program files (x86)\windows kits\10\include\10.0.17763.0\ucrt\stdio.h(1774): note: 'sprintf' 선언을 참조하십시오.
e:\gitproject\practice0208\jsondatascene.cpp(47): warning C4996: 'sprintf': This function or variable may be unsafe. Consider using sprintf_s instead. To disable deprecation, use _CRT_SECURE_NO_WARNINGS. See online help for details.
  c:\program files (x86)\windows kits\10\include\10.0.17763.0\ucrt\stdio.h(1774): note: 'sprintf' 선언을 참조하십시오.
e:\gitproject\practice0208\jsondatascene.cpp(50): warning C4996: 'sprintf': This function or variable may be unsafe. Consider using sprintf_s instead. To disable deprecation, use _CRT_SECURE_NO_WARNINGS. See online help for details.
  c:\program files (x86)\windows kits\10\include\10.0.17763.0\ucrt\stdio.h(1774): note: 'sprintf' 선언을 참조하십시오.
e:\gitproject\practice0208\jsondatascene.cpp(53): warning C4996: 'sprintf': This function or variable may be unsafe. Consider using sprintf_s instead. To disable deprecation, use _CRT_SECURE_NO_WARNINGS. See online help for details.
  c:\program files (x86)\windows kits\10\include\10.0.17763.0\ucrt\stdio.h(1774): note: 'sprintf' 선언을 참조하십시오.
e:\gitproject\practice0208\jsondatascene.cpp(56): warning C4996: 'sprintf': This function or variable may be unsafe. Consider using sprintf_s instead. To disable deprecation, use _CRT_SECURE_NO_WARNINGS. See online help for details.
  c:\program files (x86)\windows kits\10\include\10.0.17763.0\ucrt\stdio.h(1774): note: 'sprintf' 선언을 참조하십시오.
  JsonSaveLoader.cpp
e:\gitproject\practice0208\jsonsaveloader.cpp(24): error C2664: 'HANDLE CreateFileW(LPCWSTR,DWORD,DWORD,LPSECURITY_ATTRIBUTES,DWORD,DWORD,HANDLE)': 인수 1을(를) 'char *'에서 'LPCWSTR'(으)로 변환할 수 없습니다.
  e:\gitproject\practice0208\jsonsaveloader.cpp(32): note: 가리킨 형식이 관련이 없습니다. 변환하려면 reinterpret_cast, C 스타일 캐스트 또는 함수 스타일 캐스트가 필요합니다.
e:\gitproject\practice0208\jsonsaveloader.cpp(37): error C2664: 'int MessageBoxW(HWND,LPCWSTR,LPCWSTR,UINT)': 인수 2을(를) 'const char [15]'에서 'LPCWSTR'(으)로 변환할 수 없습니다.
  e:\gitproject\practice0208\jsonsaveloader.cpp(37): note: 가리킨 형식이 관련이 없습니다. 변환하려면 reinterpret_cast, C 스타일 캐스트 또는 함수 스타일 캐스트가 필요합니다.
e:\gitproject\practice0208\jsonsaveloader.cpp(42): error C2664: 'size_t strlen(const char *)': 인수 1을(를) 'TCHAR *'에서 'const char *'(으)로 변환할 수 없습니다.
  e:\gitproject\practice0208\jsonsaveloader.cpp(42): note: 가리킨 형식이 관련이 없습니다. 변환하려면 reinterpret_cast, C 스타일 캐스트 또는 함수 스타일 캐스트가 필요합니다.
e:\gitproject\practice0208\jsonsaveloader.cpp(42): error C2660: 'WriteFile': 함수는 4개의 매개 변수를 사용하지 않습니다.
  c:\program files (x86)\windows kits\10\include\10.0.17763.0\um\fileapi.h(1209): note: 'WriteFile' 선언을 참조하십시오.
e:\gitproject\practice0208\jsonsaveloader.cpp(55): error C2664: 'HANDLE CreateFileW(LPCWSTR,DWORD,DWORD,LPSECURITY_ATTRIBUTES,DWORD,DWORD,HANDLE)': 인수 1을(를) 'char *'에서 'LPCWSTR'(으)로 변환할 수 없습니다.
  e:\gitproject\practice0208\jsonsaveloader.cpp(63): note: 가리킨 형식이 관련이 없습니다. 변환하려면 reinterpret_cast, C 스타일 캐스트 또는 함수 스타일 캐스트가 필요합니다.
e:\gitproject\practice0208\jsonsaveloader.cpp(66): error C2664: 'int MessageBoxW(HWND,LPCWSTR,LPCWSTR,UINT)': 인수 2을(를) 'const char [15]'에서 'LPCWSTR'(으)로 변환할 수 없습니다.
  e:\gitproject\practice0208\jsonsaveloader.cpp(66): note: 가리킨 형식이 관련이 없습니다. 변환하려면 reinterpret_cast, C 스타일 캐스트 또는 함수 스타일 캐스트가 필요합니다.
e:\gitproject\practice0208\jsonsaveloader.cpp(74): error C2440: '<function-style-cast>': 'TCHAR [8193]'에서 'std::string'(으)로 변환할 수 없습니다.
  e:\gitproject\practice0208\jsonsaveloader.cpp(74): note: 소스 형식을 가져올 수 있는 생성자가 없거나 생성자 오버로드 확인이 모호합니다.
e:\gitproject\practice0208\jsonsaveloader.cpp(124): error C2664: 'int MessageBoxW(HWND,LPCWSTR,LPCWSTR,UINT)': 인수 2을(를) 'const char [14]'에서 'LPCWSTR'(으)로 변환할 수 없습니다.
  e:\gitproject\practice0208\jsonsaveloader.cpp(124): note: 가리킨 형식이 관련이 없습니다. 변환하려면 reinterpret_cast, C 스타일 캐스트 또는 함수 스타일 캐스트가 필요합니다.
e:\gitproject\practice0208\jsonsaveloader.cpp(139): error C2664: 'int MessageBoxW(HWND,LPCWSTR,LPCWSTR,UINT)': 인수 2을(를) 'const _Elem *'에서 'LPCWSTR'(으)로 변환할 수 없습니다.
          with
          [
              _Elem=char
          ]
  e:\gitproject\practice0208\jsonsaveloader.cpp(139): note: 가리킨 형식이 관련이 없습니다. 변환하려면 reinterpret_cast, C 스타일 캐스트 또는 함수 스타일 캐스트가 필요합니다.
  KeyManager.cpp
  MainGame.cpp
  컴파일하고 있습니다...
  Minion.cpp
  PixelCollision.cpp
  PixelScene.cpp
  Player.cpp
  ProgressBar.cpp
  Quest.cpp
  QuestSample.cpp
  Rocket.cpp
e:\gitproject\practice0208\rocket.cpp(77): warning C4996: 'itoa': The POSIX name for this item is deprecated. Instead, use the ISO C and C++ conformant name: _itoa. See online help for details.
  c:\program files (x86)\windows kits\10\include\10.0.17763.0\ucrt\stdlib.h(1323): note: 'itoa' 선언을 참조하십시오.
e:\gitproject\practice0208\rocket.cpp(78): warning C4996: 'itoa': The POSIX name for this item is deprecated. Instead, use the ISO C and C++ conformant name: _itoa. See online help for details.
  c:\program files (x86)\windows kits\10\include\10.0.17763.0\ucrt\stdlib.h(1323): note: 'itoa' 선언을 참조하십시오.
e:\gitproject\practice0208\rocket.cpp(79): warning C4996: 'itoa': The POSIX name for this item is deprecated. Instead, use the ISO C and C++ conformant name: _itoa. See online help for details.
  c:\program files (x86)\windows kits\10\include\10.0.17763.0\ucrt\stdlib.h(1323): note: 'itoa' 선언을 참조하십시오.
e:\gitproject\practice0208\rocket.cpp(80): warning C4996: 'itoa': The POSIX name for this item is deprecated. Instead, use the ISO C and C++ conformant name: _itoa. See online help for details.
  c:\program files (x86)\windows kits\10\include\10.0.17763.0\ucrt\stdlib.h(1323): note: 'itoa' 선언을 참조하십시오.
  SceneManager.cpp
  SecondScene.cpp
  ShootingEffect.cpp
  ShootingScene.cpp
e:\gitproject\practice0208\shootingscene.cpp(23): error C2664: 'int wsprintfW(LPWSTR,LPCWSTR,...)': 인수 1을(를) 'char [128]'에서 'LPWSTR'(으)로 변환할 수 없습니다.
  e:\gitproject\practice0208\shootingscene.cpp(23): note: 가리킨 형식이 관련이 없습니다. 변환하려면 reinterpret_cast, C 스타일 캐스트 또는 함수 스타일 캐스트가 필요합니다.
e:\gitproject\practice0208\shootingscene.cpp(71): error C2664: 'BOOL TextOutW(HDC,int,int,LPCWSTR,int)': 인수 4을(를) 'char [128]'에서 'LPCWSTR'(으)로 변환할 수 없습니다.
  e:\gitproject\practice0208\shootingscene.cpp(71): note: 가리킨 형식이 관련이 없습니다. 변환하려면 reinterpret_cast, C 스타일 캐스트 또는 함수 스타일 캐스트가 필요합니다.
  SoundManager.cpp
  SoundScene.cpp
  StartScene.cpp
  Stdafx.cpp
  Store.cpp
  TempSoundManager.cpp
e:\gitproject\practice0208\tempsoundmanager.cpp(20): error C2664: 'MCIERROR mciSendStringW(LPCWSTR,LPWSTR,UINT,HWND)': 인수 1을(를) 'const char *'에서 'LPCWSTR'(으)로 변환할 수 없습니다.
  e:\gitproject\practice0208\tempsoundmanager.cpp(20): note: 가리킨 형식이 관련이 없습니다. 변환하려면 reinterpret_cast, C 스타일 캐스트 또는 함수 스타일 캐스트가 필요합니다.
e:\gitproject\practice0208\tempsoundmanager.cpp(34): error C2664: 'MCIERROR mciSendStringW(LPCWSTR,LPWSTR,UINT,HWND)': 인수 1을(를) 'const char *'에서 'LPCWSTR'(으)로 변환할 수 없습니다.
  e:\gitproject\practice0208\tempsoundmanager.cpp(34): note: 가리킨 형식이 관련이 없습니다. 변환하려면 reinterpret_cast, C 스타일 캐스트 또는 함수 스타일 캐스트가 필요합니다.
e:\gitproject\practice0208\tempsoundmanager.cpp(46): error C2664: 'BOOL PlaySoundW(LPCWSTR,HMODULE,DWORD)': 인수 1을(를) 'char *'에서 'LPCWSTR'(으)로 변환할 수 없습니다.
  e:\gitproject\practice0208\tempsoundmanager.cpp(46): note: 가리킨 형식이 관련이 없습니다. 변환하려면 reinterpret_cast, C 스타일 캐스트 또는 함수 스타일 캐스트가 필요합니다.
e:\gitproject\practice0208\tempsoundmanager.cpp(57): error C2664: 'MCIERROR mciSendStringW(LPCWSTR,LPWSTR,UINT,HWND)': 인수 1을(를) 'const char *'에서 'LPCWSTR'(으)로 변환할 수 없습니다.
  e:\gitproject\practice0208\tempsoundmanager.cpp(57): note: 가리킨 형식이 관련이 없습니다. 변환하려면 reinterpret_cast, C 스타일 캐스트 또는 함수 스타일 캐스트가 필요합니다.
e:\gitproject\practice0208\tempsoundmanager.cpp(67): error C2664: 'MCIERROR mciSendStringW(LPCWSTR,LPWSTR,UINT,HWND)': 인수 1을(를) 'const char *'에서 'LPCWSTR'(으)로 변환할 수 없습니다.
  e:\gitproject\practice0208\tempsoundmanager.cpp(67): note: 가리킨 형식이 관련이 없습니다. 변환하려면 reinterpret_cast, C 스타일 캐스트 또는 함수 스타일 캐스트가 필요합니다.
  TempSoundTest.cpp
  Text.cpp
  컴파일하고 있습니다...
  TextDataManager.cpp
e:\gitproject\practice0208\textdatamanager.cpp(42): error C2664: 'HANDLE CreateFileW(LPCWSTR,DWORD,DWORD,LPSECURITY_ATTRIBUTES,DWORD,DWORD,HANDLE)': 인수 1을(를) 'const char *'에서 'LPCWSTR'(으)로 변환할 수 없습니다.
  e:\gitproject\practice0208\textdatamanager.cpp(42): note: 가리킨 형식이 관련이 없습니다. 변환하려면 reinterpret_cast, C 스타일 캐스트 또는 함수 스타일 캐스트가 필요합니다.
e:\gitproject\practice0208\textdatamanager.cpp(49): warning C4267: '인수': 'size_t'에서 'DWORD'(으)로 변환하면서 데이터가 손실될 수 있습니다.
e:\gitproject\practice0208\textdatamanager.cpp(83): error C2664: 'HANDLE CreateFileW(LPCWSTR,DWORD,DWORD,LPSECURITY_ATTRIBUTES,DWORD,DWORD,HANDLE)': 인수 1을(를) 'const char *'에서 'LPCWSTR'(으)로 변환할 수 없습니다.
  e:\gitproject\practice0208\textdatamanager.cpp(83): note: 가리킨 형식이 관련이 없습니다. 변환하려면 reinterpret_cast, C 스타일 캐스트 또는 함수 스타일 캐스트가 필요합니다.
  ThirdScene.cpp
  TileMap.cpp
  TimeManager.cpp
e:\gitproject\practice0208\timemanager.cpp(65): error C2664: 'BOOL TextOutW(HDC,int,int,LPCWSTR,int)': 인수 4을(를) 'char [256]'에서 'LPCWSTR'(으)로 변환할 수 없습니다.
  e:\gitproject\practice0208\timemanager.cpp(65): note: 가리킨 형식이 관련이 없습니다. 변환하려면 reinterpret_cast, C 스타일 캐스트 또는 함수 스타일 캐스트가 필요합니다.
  Timer.cpp
e:\gitproject\practice0208\timer.cpp(93): error C2664: 'int wsprintfW(LPWSTR,LPCWSTR,...)': 인수 1을(를) 'char *'에서 'LPWSTR'(으)로 변환할 수 없습니다.
  e:\gitproject\practice0208\timer.cpp(93): note: 가리킨 형식이 관련이 없습니다. 변환하려면 reinterpret_cast, C 스타일 캐스트 또는 함수 스타일 캐스트가 필요합니다.
  Utils.cpp
  WinMain.cpp
