c:\users\kga_03\the-war-of-genesis-3-portfolio\debug\vc141.pdb
c:\users\kga_03\the-war-of-genesis-3-portfolio\debug\vc141.idb
c:\users\kga_03\the-war-of-genesis-3-portfolio\debug\progressbar.obj
c:\users\kga_03\the-war-of-genesis-3-portfolio\debug\inventory.obj
c:\users\kga_03\the-war-of-genesis-3-portfolio\debug\flame.obj
c:\users\kga_03\the-war-of-genesis-3-portfolio\debug\animation.obj
c:\users\kga_03\the-war-of-genesis-3-portfolio\debug\firstscene.obj
c:\users\kga_03\the-war-of-genesis-3-portfolio\debug\store.obj
c:\users\kga_03\the-war-of-genesis-3-portfolio\debug\skill.obj
c:\users\kga_03\the-war-of-genesis-3-portfolio\debug\player.obj
c:\users\kga_03\the-war-of-genesis-3-portfolio\debug\maptileinfo.obj
c:\users\kga_03\the-war-of-genesis-3-portfolio\debug\cell.obj
c:\users\kga_03\the-war-of-genesis-3-portfolio\debug\imageclass.obj
c:\users\kga_03\the-war-of-genesis-3-portfolio\debug\gameui.obj
c:\users\kga_03\the-war-of-genesis-3-portfolio\debug\finalscene.obj
c:\users\kga_03\the-war-of-genesis-3-portfolio\debug\camera.obj
c:\users\kga_03\the-war-of-genesis-3-portfolio\debug\saladin.obj
c:\users\kga_03\the-war-of-genesis-3-portfolio\debug\imagemanager.obj
c:\users\kga_03\the-war-of-genesis-3-portfolio\debug\aniscene.obj
c:\users\kga_03\the-war-of-genesis-3-portfolio\debug\turnsystem.obj
c:\users\kga_03\the-war-of-genesis-3-portfolio\debug\soundscene.obj
c:\users\kga_03\the-war-of-genesis-3-portfolio\debug\utils.obj
c:\users\kga_03\the-war-of-genesis-3-portfolio\debug\secondscene.obj
c:\users\kga_03\the-war-of-genesis-3-portfolio\debug\endingscene.obj
c:\users\kga_03\the-war-of-genesis-3-portfolio\debug\mapscene.obj
c:\users\kga_03\the-war-of-genesis-3-portfolio\debug\collision.obj
c:\users\kga_03\the-war-of-genesis-3-portfolio\debug\titlescene.obj
c:\users\kga_03\the-war-of-genesis-3-portfolio\debug\shootingscene.obj
c:\users\kga_03\the-war-of-genesis-3-portfolio\debug\rocket.obj
c:\users\kga_03\the-war-of-genesis-3-portfolio\debug\minion.obj
c:\users\kga_03\the-war-of-genesis-3-portfolio\debug\enemymanager.obj
c:\users\kga_03\the-war-of-genesis-3-portfolio\debug\enemy.obj
c:\users\kga_03\the-war-of-genesis-3-portfolio\debug\effectmanager.obj
c:\users\kga_03\the-war-of-genesis-3-portfolio\debug\image.obj
c:\users\kga_03\the-war-of-genesis-3-portfolio\debug\soundmanager.obj
c:\users\kga_03\the-war-of-genesis-3-portfolio\debug\maingame.obj
c:\users\kga_03\the-war-of-genesis-3-portfolio\debug\soundclass.obj
c:\users\kga_03\the-war-of-genesis-3-portfolio\debug\winapi.pch
c:\users\kga_03\the-war-of-genesis-3-portfolio\debug\stdafx.obj
c:\users\kga_03\the-war-of-genesis-3-portfolio\debug\keymanager.obj
c:\users\kga_03\the-war-of-genesis-3-portfolio\debug\jsonsaveloader.obj
c:\users\kga_03\the-war-of-genesis-3-portfolio\debug\item.obj
c:\users\kga_03\the-war-of-genesis-3-portfolio\debug\gamenode.obj
c:\users\kga_03\the-war-of-genesis-3-portfolio\debug\fontmanager.obj
c:\users\kga_03\the-war-of-genesis-3-portfolio\debug\ceffect.obj
c:\users\kga_03\the-war-of-genesis-3-portfolio\debug\astar.obj
c:\users\kga_03\the-war-of-genesis-3-portfolio\debug\animationmanager.obj
c:\users\kga_03\the-war-of-genesis-3-portfolio\debug\timer.obj
c:\users\kga_03\the-war-of-genesis-3-portfolio\debug\timemanager.obj
c:\users\kga_03\the-war-of-genesis-3-portfolio\debug\textdatamanager.obj
c:\users\kga_03\the-war-of-genesis-3-portfolio\debug\text.obj
c:\users\kga_03\the-war-of-genesis-3-portfolio\debug\scenemanager.obj
c:\users\kga_03\the-war-of-genesis-3-portfolio\debug\winmain.obj
c:\users\kga_03\the-war-of-genesis-3-portfolio\debug\winapi.exe
c:\users\kga_03\the-war-of-genesis-3-portfolio\debug\winapi.ilk
c:\users\kga_03\the-war-of-genesis-3-portfolio\debug\winapi.pdb
c:\users\kga_03\the-war-of-genesis-3-portfolio\debug\winapi.res
c:\users\kga_03\the-war-of-genesis-3-portfolio\debug\bfs.obj
c:\users\kga_03\the-war-of-genesis-3-portfolio\debug\bullets.obj
c:\users\kga_03\the-war-of-genesis-3-portfolio\debug\cskill.obj
c:\users\kga_03\the-war-of-genesis-3-portfolio\debug\pixelcollision.obj
c:\users\kga_03\the-war-of-genesis-3-portfolio\debug\pixelscene.obj
c:\users\kga_03\the-war-of-genesis-3-portfolio\debug\quest.obj
c:\users\kga_03\the-war-of-genesis-3-portfolio\debug\questsample.obj
c:\users\kga_03\the-war-of-genesis-3-portfolio\debug\shootingeffect.obj
c:\users\kga_03\the-war-of-genesis-3-portfolio\debug\tilemap.obj
c:\users\kga_03\the-war-of-genesis-3-portfolio\debug\endingscene.obj.enc
c:\users\kga_03\the-war-of-genesis-3-portfolio\debug\imageclass.obj.enc
c:\users\kga_03\the-war-of-genesis-3-portfolio\debug\maingame.obj.enc
c:\users\kga_03\the-war-of-genesis-3-portfolio\debug\player.obj.enc
c:\users\kga_03\the-war-of-genesis-3-portfolio\debug\skill.obj.enc
c:\users\kga_03\the-war-of-genesis-3-portfolio\debug\titlescene.obj.enc
c:\users\kga_03\the-war-of-genesis-3-portfolio\debug\winapi.tlog\cl.command.1.tlog
c:\users\kga_03\the-war-of-genesis-3-portfolio\debug\winapi.tlog\cl.read.1.tlog
c:\users\kga_03\the-war-of-genesis-3-portfolio\debug\winapi.tlog\cl.write.1.tlog
c:\users\kga_03\the-war-of-genesis-3-portfolio\debug\winapi.tlog\link.command.1.tlog
c:\users\kga_03\the-war-of-genesis-3-portfolio\debug\winapi.tlog\link.read.1.tlog
c:\users\kga_03\the-war-of-genesis-3-portfolio\debug\winapi.tlog\link.write.1.tlog
c:\users\kga_03\the-war-of-genesis-3-portfolio\debug\winapi.tlog\rc.command.1.tlog
c:\users\kga_03\the-war-of-genesis-3-portfolio\debug\winapi.tlog\rc.read.1.tlog
c:\users\kga_03\the-war-of-genesis-3-portfolio\debug\winapi.tlog\rc.write.1.tlog
