e:\gitproject\practice0208\x64\debug\winapi.pch
e:\gitproject\practice0208\x64\debug\vc141.pdb
e:\gitproject\practice0208\x64\debug\vc141.idb
e:\gitproject\practice0208\x64\debug\stdafx.obj
e:\gitproject\practice0208\x64\debug\maingame.obj
e:\gitproject\practice0208\x64\debug\keymanager.obj
e:\gitproject\practice0208\x64\debug\jsonsaveloader.obj
e:\gitproject\practice0208\x64\debug\jsondatascene.obj
e:\gitproject\practice0208\x64\debug\item.obj
e:\gitproject\practice0208\x64\debug\inventory.obj
e:\gitproject\practice0208\x64\debug\imagemanager.obj
e:\gitproject\practice0208\x64\debug\imageclass.obj
e:\gitproject\practice0208\x64\debug\image.obj
e:\gitproject\practice0208\x64\debug\gamenode.obj
e:\gitproject\practice0208\x64\debug\fontmanager.obj
e:\gitproject\practice0208\x64\debug\flame.obj
e:\gitproject\practice0208\x64\debug\firstscene.obj
e:\gitproject\practice0208\x64\debug\enemymanager.obj
e:\gitproject\practice0208\x64\debug\enemy.obj
e:\gitproject\practice0208\x64\debug\collision.obj
e:\gitproject\practice0208\x64\debug\camera.obj
e:\gitproject\practice0208\x64\debug\bullets.obj
e:\gitproject\practice0208\x64\debug\anitestscene.obj
e:\gitproject\practice0208\x64\debug\animation.obj
e:\gitproject\practice0208\x64\debug\tilemap.obj
e:\gitproject\practice0208\x64\debug\thirdscene.obj
e:\gitproject\practice0208\x64\debug\textdatamanager.obj
e:\gitproject\practice0208\x64\debug\text.obj
e:\gitproject\practice0208\x64\debug\store.obj
e:\gitproject\practice0208\x64\debug\startscene.obj
e:\gitproject\practice0208\x64\debug\soundscene.obj
e:\gitproject\practice0208\x64\debug\soundmanager.obj
e:\gitproject\practice0208\x64\debug\shootingscene.obj
e:\gitproject\practice0208\x64\debug\shootingeffect.obj
e:\gitproject\practice0208\x64\debug\secondscene.obj
e:\gitproject\practice0208\x64\debug\scenemanager.obj
e:\gitproject\practice0208\x64\debug\rocket.obj
e:\gitproject\practice0208\x64\debug\questsample.obj
e:\gitproject\practice0208\x64\debug\quest.obj
e:\gitproject\practice0208\x64\debug\progressbar.obj
e:\gitproject\practice0208\x64\debug\player.obj
e:\gitproject\practice0208\x64\debug\pixelscene.obj
e:\gitproject\practice0208\x64\debug\pixelcollision.obj
e:\gitproject\practice0208\x64\debug\minion.obj
e:\gitproject\practice0208\x64\debug\winmain.obj
e:\gitproject\practice0208\x64\debug\utils.obj
e:\gitproject\practice0208\x64\debug\timer.obj
e:\gitproject\practice0208\x64\debug\timemanager.obj
e:\gitproject\practice0208\x64\debug\tempsoundtest.obj
e:\gitproject\practice0208\x64\debug\tempsoundmanager.obj
e:\gitproject\practice0208\x64\debug\winapi.exe
e:\gitproject\practice0208\x64\debug\winapi.ilk
e:\gitproject\practice0208\x64\debug\winapi.pdb
e:\gitproject\practice0208\x64\debug\winapi.tlog\cl.command.1.tlog
e:\gitproject\practice0208\x64\debug\winapi.tlog\cl.read.1.tlog
e:\gitproject\practice0208\x64\debug\winapi.tlog\cl.write.1.tlog
e:\gitproject\practice0208\x64\debug\winapi.tlog\link.command.1.tlog
e:\gitproject\practice0208\x64\debug\winapi.tlog\link.read.1.tlog
e:\gitproject\practice0208\x64\debug\winapi.tlog\link.write.1.tlog
